#
# There is insufficient memory for the Java Runtime Environment to continue.
# Native memory allocation (mmap) failed to map 229638144 bytes for Failed to commit area from 0x000000008db00000 to 0x000000009b600000 of length 229638144.
# Possible reasons:
#   The system is out of physical RAM or swap space
#   The process is running with CompressedOops enabled, and the Java Heap may be blocking the growth of the native heap
# Possible solutions:
#   Reduce memory load on the system
#   Increase physical memory or swap space
#   Check if swap backing store is full
#   Decrease Java heap size (-Xmx/-Xms)
#   Decrease number of Java threads
#   Decrease Java thread stack sizes (-Xss)
#   Set larger code cache with -XX:ReservedCodeCacheSize=
#   JVM is running with Unscaled Compressed Oops mode in which the Java heap is
#     placed in the first 4GB address space. The Java Heap base address is the
#     maximum limit for the native heap growth. Please use -XX:HeapBaseMinAddress
#     to set the Java Heap base and to place the Java Heap above 4GB virtual address.
# This output file may be truncated or incomplete.
#
#  Out of Memory Error (./src/hotspot/os/windows/os_windows.cpp:3301), pid=13572, tid=3700
#
# JRE version: OpenJDK Runtime Environment (11.0.10) (build 11.0.10+0-b96-7249189)
# Java VM: OpenJDK 64-Bit Server VM (11.0.10+0-b96-7249189, mixed mode, tiered, compressed oops, g1 gc, windows-amd64)
# No core dump will be written. Minidumps are not enabled by default on client versions of Windows
#

---------------  S U M M A R Y ------------

Command Line: --add-opens=java.base/java.util=ALL-UNNAMED --add-opens=java.base/java.lang=ALL-UNNAMED --add-opens=java.base/java.lang.invoke=ALL-UNNAMED --add-opens=java.base/java.util=ALL-UNNAMED --add-opens=java.prefs/java.util.prefs=ALL-UNNAMED --add-opens=java.prefs/java.util.prefs=ALL-UNNAMED --add-opens=java.base/java.nio.charset=ALL-UNNAMED --add-opens=java.base/java.net=ALL-UNNAMED --add-opens=java.base/java.util.concurrent.atomic=ALL-UNNAMED -Xmx2048m -Dfile.encoding=UTF-8 -Duser.country=US -Duser.language=en -Duser.variant org.gradle.launcher.daemon.bootstrap.GradleDaemon 7.0.2

Host: AMD Ryzen 5 4600H with Radeon Graphics         , 12 cores, 3G,  Windows 10 , 64 bit Build 22000 (10.0.22000.434)
Time: Sun Mar 27 03:34:20 2022 Eastern Daylight Time elapsed time: 154.567781 seconds (0d 0h 2m 34s)

---------------  T H R E A D  ---------------

Current thread (0x000002be3cee1800):  VMThread "VM Thread" [stack: 0x000000fb60000000,0x000000fb60100000] [id=3700]

Stack: [0x000000fb60000000,0x000000fb60100000]
[error occurred during error reporting (printing stack bounds), id 0xc0000005, EXCEPTION_ACCESS_VIOLATION (0xc0000005) at pc=0x000002be26170f2d]

Native frames: (J=compiled Java code, j=interpreted, Vv=VM code, C=native code)
V  [jvm.dll+0x5ecfaa]
V  [jvm.dll+0x722bd5]
V  [jvm.dll+0x72412d]
V  [jvm.dll+0x724745]
V  [jvm.dll+0x7246fb]
V  [jvm.dll+0x5ec348]
V  [jvm.dll+0x5ecad8]
C  [ntdll.dll+0xa86ef]
C  [ntdll.dll+0x35aea]
C  [ntdll.dll+0xa76fe]
C  0x000002be26170f2d

VM_Operation (0x000000fb612f98b0): G1CollectForAllocation, mode: safepoint, requested by thread 0x000002be3f327000


---------------  P R O C E S S  ---------------

Threads class SMR info:
_java_thread_list=0x000002be41cd63c0, length=58, elements={
0x000002be22682800, 0x000002be3cee3000, 0x000002be3cef0800, 0x000002be3d862800,
0x000002be3d863800, 0x000002be3d864800, 0x000002be3d867800, 0x000002be3cf47000,
0x000002be3cf4b000, 0x000002be3d9ba000, 0x000002be3fbf9800, 0x000002be3ee4b800,
0x000002be3ef61000, 0x000002be3ee55000, 0x000002be3f701000, 0x000002be3fb74000,
0x000002be3f327000, 0x000002be3ecd7000, 0x000002be3fb66000, 0x000002be3fb64800,
0x000002be3fb61800, 0x000002be3fb63800, 0x000002be3fb67000, 0x000002be3fb68000,
0x000002be3fb62000, 0x000002be3fb65800, 0x000002be3fb63000, 0x000002be41a8e000,
0x000002be41a8d000, 0x000002be41a8a800, 0x000002be41a8f000, 0x000002be41a89000,
0x000002be41a8a000, 0x000002be41a90800, 0x000002be41a91000, 0x000002be41a8b800,
0x000002be41a8c800, 0x000002be41a96000, 0x000002be41a95800, 0x000002be41a97000,
0x000002be41a93000, 0x000002be41a92000, 0x000002be41a93800, 0x000002be41a94800,
0x000002be3fe1d800, 0x000002be3fe20000, 0x000002be3fe1e800, 0x000002be3fe21000,
0x000002be3fe1f000, 0x000002be3fe1c800, 0x000002be3fe1c000, 0x000002be3fe1b000,
0x000002be3fe24000, 0x000002be3fe21800, 0x000002be3fe27800, 0x000002be3fe26800,
0x000002be3fe22800, 0x000002be3fe23000
}

Java Threads: ( => current thread )
  0x000002be22682800 JavaThread "main" [_thread_blocked, id=4736, stack(0x000000fb5fa00000,0x000000fb5fb00000)]
  0x000002be3cee3000 JavaThread "Reference Handler" daemon [_thread_blocked, id=9332, stack(0x000000fb60100000,0x000000fb60200000)]
  0x000002be3cef0800 JavaThread "Finalizer" daemon [_thread_blocked, id=2832, stack(0x000000fb60200000,0x000000fb60300000)]
  0x000002be3d862800 JavaThread "Signal Dispatcher" daemon [_thread_blocked, id=8668, stack(0x000000fb60300000,0x000000fb60400000)]
  0x000002be3d863800 JavaThread "Attach Listener" daemon [_thread_blocked, id=15384, stack(0x000000fb60400000,0x000000fb60500000)]
  0x000002be3d864800 JavaThread "Service Thread" daemon [_thread_blocked, id=7744, stack(0x000000fb60500000,0x000000fb60600000)]
  0x000002be3d867800 JavaThread "C2 CompilerThread0" daemon [_thread_blocked, id=9720, stack(0x000000fb60600000,0x000000fb60700000)]
  0x000002be3cf47000 JavaThread "C1 CompilerThread0" daemon [_thread_blocked, id=11104, stack(0x000000fb60700000,0x000000fb60800000)]
  0x000002be3cf4b000 JavaThread "Sweeper thread" daemon [_thread_blocked, id=14396, stack(0x000000fb60800000,0x000000fb60900000)]
  0x000002be3d9ba000 JavaThread "Common-Cleaner" daemon [_thread_blocked, id=8556, stack(0x000000fb60900000,0x000000fb60a00000)]
  0x000002be3fbf9800 JavaThread "Daemon health stats" [_thread_blocked, id=12528, stack(0x000000fb60c00000,0x000000fb60d00000)]
  0x000002be3ee4b800 JavaThread "Incoming local TCP Connector on port 62948" [_thread_in_native, id=13912, stack(0x000000fb60d00000,0x000000fb60e00000)]
  0x000002be3ef61000 JavaThread "Daemon periodic checks" [_thread_blocked, id=13964, stack(0x000000fb60e00000,0x000000fb60f00000)]
  0x000002be3ee55000 JavaThread "Daemon" [_thread_blocked, id=13260, stack(0x000000fb60f00000,0x000000fb61000000)]
  0x000002be3f701000 JavaThread "Handler for socket connection from /127.0.0.1:62948 to /127.0.0.1:62949" [_thread_in_native, id=1800, stack(0x000000fb61000000,0x000000fb61100000)]
  0x000002be3fb74000 JavaThread "Cancel handler" [_thread_blocked, id=7816, stack(0x000000fb61100000,0x000000fb61200000)]
  0x000002be3f327000 JavaThread "Daemon worker" [_thread_blocked, id=10528, stack(0x000000fb61200000,0x000000fb61300000)]
  0x000002be3ecd7000 JavaThread "Asynchronous log dispatcher for DefaultDaemonConnection: socket connection from /127.0.0.1:62948 to /127.0.0.1:62949" [_thread_blocked, id=15988, stack(0x000000fb61300000,0x000000fb61400000)]
  0x000002be3fb66000 JavaThread "Daemon client event forwarder" [_thread_blocked, id=13048, stack(0x000000fb61500000,0x000000fb61600000)]
  0x000002be3fb64800 JavaThread "Cache worker for file hash cache (C:\Users\sanja\.gradle\caches\7.0.2\fileHashes)" [_thread_blocked, id=9108, stack(0x000000fb61e00000,0x000000fb61f00000)]
  0x000002be3fb61800 JavaThread "File lock request listener" [_thread_in_native, id=14340, stack(0x000000fb61f00000,0x000000fb62000000)]
  0x000002be3fb63800 JavaThread "Cache worker for journal cache (C:\Users\sanja\.gradle\caches\journal-1)" [_thread_blocked, id=10016, stack(0x000000fb62200000,0x000000fb62300000)]
  0x000002be3fb67000 JavaThread "Cache worker for file hash cache (C:\Users\sanja\AndroidStudioProjects\HackathonProject\.gradle\7.0.2\fileHashes)" [_thread_blocked, id=12864, stack(0x000000fb62300000,0x000000fb62400000)]
  0x000002be3fb68000 JavaThread "File watcher server" daemon [_thread_in_native, id=8344, stack(0x000000fb62400000,0x000000fb62500000)]
  0x000002be3fb62000 JavaThread "File watcher consumer" daemon [_thread_blocked, id=11888, stack(0x000000fb62500000,0x000000fb62600000)]
  0x000002be3fb65800 JavaThread "Cache worker for checksums cache (C:\Users\sanja\AndroidStudioProjects\HackathonProject\.gradle\checksums)" [_thread_blocked, id=16996, stack(0x000000fb62600000,0x000000fb62700000)]
  0x000002be3fb63000 JavaThread "Cache worker for cache directory md-supplier (C:\Users\sanja\.gradle\caches\7.0.2\md-supplier)" [_thread_blocked, id=4920, stack(0x000000fb62700000,0x000000fb62800000)]
  0x000002be41a8e000 JavaThread "Cache worker for cache directory md-rule (C:\Users\sanja\.gradle\caches\7.0.2\md-rule)" [_thread_blocked, id=12212, stack(0x000000fb62800000,0x000000fb62900000)]
  0x000002be41a8d000 JavaThread "Cache worker for execution history cache (C:\Users\sanja\.gradle\caches\7.0.2\executionHistory)" [_thread_blocked, id=15316, stack(0x000000fb62900000,0x000000fb62a00000)]
  0x000002be41a8a800 JavaThread "jar transforms" [_thread_blocked, id=8568, stack(0x000000fb62a00000,0x000000fb62b00000)]
  0x000002be41a8f000 JavaThread "jar transforms Thread 2" [_thread_blocked, id=16716, stack(0x000000fb62b00000,0x000000fb62c00000)]
  0x000002be41a89000 JavaThread "Cache worker for file content cache (C:\Users\sanja\.gradle\caches\7.0.2\fileContent)" [_thread_blocked, id=2564, stack(0x000000fb62c00000,0x000000fb62d00000)]
  0x000002be41a8a000 JavaThread "Cache worker for dependencies-accessors (C:\Users\sanja\AndroidStudioProjects\HackathonProject\.gradle\7.0.2\dependencies-accessors)" [_thread_blocked, id=8452, stack(0x000000fb62d00000,0x000000fb62e00000)]
  0x000002be41a90800 JavaThread "jar transforms Thread 3" [_thread_blocked, id=10988, stack(0x000000fb62e00000,0x000000fb62f00000)]
  0x000002be41a91000 JavaThread "Cache worker for Build Output Cleanup Cache (C:\Users\sanja\AndroidStudioProjects\HackathonProject\.gradle\buildOutputCleanup)" [_thread_blocked, id=1968, stack(0x000000fb62f00000,0x000000fb63000000)]
  0x000002be41a8b800 JavaThread "Build operations" [_thread_blocked, id=7384, stack(0x000000fb63000000,0x000000fb63100000)]
  0x000002be41a8c800 JavaThread "Build operations Thread 2" [_thread_blocked, id=9468, stack(0x000000fb63100000,0x000000fb63200000)]
  0x000002be41a96000 JavaThread "Build operations Thread 3" [_thread_blocked, id=16576, stack(0x000000fb63200000,0x000000fb63300000)]
  0x000002be41a95800 JavaThread "Build operations Thread 4" [_thread_blocked, id=10116, stack(0x000000fb63300000,0x000000fb63400000)]
  0x000002be41a97000 JavaThread "Build operations Thread 5" [_thread_blocked, id=8596, stack(0x000000fb63400000,0x000000fb63500000)]
  0x000002be41a93000 JavaThread "Build operations Thread 6" [_thread_blocked, id=5732, stack(0x000000fb63500000,0x000000fb63600000)]
  0x000002be41a92000 JavaThread "Build operations Thread 7" [_thread_blocked, id=9740, stack(0x000000fb63600000,0x000000fb63700000)]
  0x000002be41a93800 JavaThread "Build operations Thread 8" [_thread_blocked, id=13828, stack(0x000000fb63700000,0x000000fb63800000)]
  0x000002be41a94800 JavaThread "Build operations Thread 9" [_thread_blocked, id=9144, stack(0x000000fb63800000,0x000000fb63900000)]
  0x000002be3fe1d800 JavaThread "Build operations Thread 10" [_thread_blocked, id=6964, stack(0x000000fb63900000,0x000000fb63a00000)]
  0x000002be3fe20000 JavaThread "Build operations Thread 11" [_thread_blocked, id=4544, stack(0x000000fb63a00000,0x000000fb63b00000)]
  0x000002be3fe1e800 JavaThread "Build operations Thread 12" [_thread_blocked, id=15852, stack(0x000000fb63b00000,0x000000fb63c00000)]
  0x000002be3fe21000 JavaThread "jar transforms Thread 4" [_thread_blocked, id=10944, stack(0x000000fb63c00000,0x000000fb63d00000)]
  0x000002be3fe1f000 JavaThread "jar transforms Thread 5" [_thread_blocked, id=3388, stack(0x000000fb63d00000,0x000000fb63e00000)]
  0x000002be3fe1c800 JavaThread "jar transforms Thread 6" [_thread_blocked, id=13428, stack(0x000000fb63e00000,0x000000fb63f00000)]
  0x000002be3fe1c000 JavaThread "jar transforms Thread 7" [_thread_blocked, id=4880, stack(0x000000fb63f00000,0x000000fb64000000)]
  0x000002be3fe1b000 JavaThread "jar transforms Thread 8" [_thread_blocked, id=9764, stack(0x000000fb64000000,0x000000fb64100000)]
  0x000002be3fe24000 JavaThread "jar transforms Thread 9" [_thread_blocked, id=13528, stack(0x000000fb64100000,0x000000fb64200000)]
  0x000002be3fe21800 JavaThread "jar transforms Thread 10" [_thread_blocked, id=9192, stack(0x000000fb64200000,0x000000fb64300000)]
  0x000002be3fe27800 JavaThread "jar transforms Thread 11" [_thread_blocked, id=14728, stack(0x000000fb64300000,0x000000fb64400000)]
  0x000002be3fe26800 JavaThread "jar transforms Thread 12" [_thread_blocked, id=7556, stack(0x000000fb64400000,0x000000fb64500000)]
  0x000002be3fe22800 JavaThread "Memory manager" [_thread_blocked, id=11936, stack(0x000000fb64500000,0x000000fb64600000)]
  0x000002be3fe23000 JavaThread "build event listener" [_thread_blocked, id=12500, stack(0x000000fb64600000,0x000000fb64700000)]

Other Threads:
=>0x000002be3cee1800 VMThread "VM Thread" [stack: 0x000000fb60000000,0x000000fb60100000] [id=3700]
  0x000002be3d9cf000 WatcherThread [stack: 0x000000fb60a00000,0x000000fb60b00000] [id=8736]
  0x000002be22697800 GCTaskThread "GC Thread#0" [stack: 0x000000fb5fb00000,0x000000fb5fc00000] [id=1928]
  0x000002be3da34000 GCTaskThread "GC Thread#1" [stack: 0x000000fb60b00000,0x000000fb60c00000] [id=4940]
  0x000002be3da35800 GCTaskThread "GC Thread#2" [stack: 0x000000fb61600000,0x000000fb61700000] [id=8804]
  0x000002be3da33800 GCTaskThread "GC Thread#3" [stack: 0x000000fb61700000,0x000000fb61800000] [id=11780]
  0x000002be3da31000 GCTaskThread "GC Thread#4" [stack: 0x000000fb61800000,0x000000fb61900000] [id=10380]
  0x000002be3da35000 GCTaskThread "GC Thread#5" [stack: 0x000000fb61900000,0x000000fb61a00000] [id=2124]
  0x000002be3da32800 GCTaskThread "GC Thread#6" [stack: 0x000000fb61a00000,0x000000fb61b00000] [id=2500]
  0x000002be3da32000 GCTaskThread "GC Thread#7" [stack: 0x000000fb61b00000,0x000000fb61c00000] [id=1908]
  0x000002be3da36800 GCTaskThread "GC Thread#8" [stack: 0x000000fb61c00000,0x000000fb61d00000] [id=3864]
  0x000002be3da37000 GCTaskThread "GC Thread#9" [stack: 0x000000fb61d00000,0x000000fb61e00000] [id=6488]
  0x000002be226cc000 ConcurrentGCThread "G1 Main Marker" [stack: 0x000000fb5fc00000,0x000000fb5fd00000] [id=3404]
  0x000002be226cd000 ConcurrentGCThread "G1 Conc#0" [stack: 0x000000fb5fd00000,0x000000fb5fe00000] [id=16400]
  0x000002be3da30800 ConcurrentGCThread "G1 Conc#1" [stack: 0x000000fb62000000,0x000000fb62100000] [id=2704]
  0x000002be3da38000 ConcurrentGCThread "G1 Conc#2" [stack: 0x000000fb62100000,0x000000fb62200000] [id=1704]
  0x000002be22730000 ConcurrentGCThread "G1 Refine#0" [stack: 0x000000fb5fe00000,0x000000fb5ff00000] [id=12868]
  0x000002be22731000 ConcurrentGCThread "G1 Young RemSet Sampling" [stack: 0x000000fb5ff00000,0x000000fb60000000] [id=1260]

Threads with active compile tasks:

VM state:at safepoint (normal execution)

VM Mutex/Monitor currently owned by a thread:  ([mutex/lock_event])
[0x000002be2267e6e0] Threads_lock - owner thread: 0x000002be3cee1800
[0x000002be2267ef50] Heap_lock - owner thread: 0x000002be3f327000

Heap address: 0x0000000080000000, size: 2048 MB, Compressed Oops mode: 32-bit
Narrow klass base: 0x0000000000000000, Narrow klass shift: 3
Compressed class space size: 1073741824 Address: 0x0000000100000000

Heap:
 garbage-first heap   total 448512K, used 75400K [0x0000000080000000, 0x0000000100000000)
  region size 1024K, 4 young (4096K), 4 survivors (4096K)
 Metaspace       used 81634K, capacity 83507K, committed 83660K, reserved 1122304K
  class space    used 10545K, capacity 11194K, committed 11212K, reserved 1048576K
Heap Regions: E=young(eden), S=young(survivor), O=old, HS=humongous(starts), HC=humongous(continues), CS=collection set, F=free, A=archive, TAMS=top-at-mark-start (previous, next)
|   0|0x0000000080000000, 0x0000000080100000, 0x0000000080100000|100%| O|  |TAMS 0x0000000080100000, 0x0000000080000000| Untracked 
|   1|0x0000000080100000, 0x0000000080200000, 0x0000000080200000|100%| O|  |TAMS 0x0000000080200000, 0x0000000080100000| Untracked 
|   2|0x0000000080200000, 0x0000000080300000, 0x0000000080300000|100%| O|  |TAMS 0x0000000080300000, 0x0000000080200000| Untracked 
|   3|0x0000000080300000, 0x0000000080400000, 0x0000000080400000|100%|HS|  |TAMS 0x0000000080400000, 0x0000000080300000| Complete 
|   4|0x0000000080400000, 0x0000000080500000, 0x0000000080500000|100%|HC|  |TAMS 0x0000000080500000, 0x0000000080400000| Complete 
|   5|0x0000000080500000, 0x0000000080600000, 0x0000000080600000|100%|HC|  |TAMS 0x0000000080600000, 0x0000000080500000| Complete 
|   6|0x0000000080600000, 0x0000000080700000, 0x0000000080700000|100%| O|  |TAMS 0x0000000080700000, 0x0000000080600000| Untracked 
|   7|0x0000000080700000, 0x0000000080800000, 0x0000000080800000|100%| O|  |TAMS 0x0000000080800000, 0x0000000080700000| Untracked 
|   8|0x0000000080800000, 0x0000000080900000, 0x0000000080900000|100%| O|  |TAMS 0x0000000080900000, 0x0000000080800000| Untracked 
|   9|0x0000000080900000, 0x0000000080a00000, 0x0000000080a00000|100%| O|  |TAMS 0x0000000080a00000, 0x0000000080900000| Untracked 
|  10|0x0000000080a00000, 0x0000000080b00000, 0x0000000080b00000|100%| O|  |TAMS 0x0000000080b00000, 0x0000000080a00000| Untracked 
|  11|0x0000000080b00000, 0x0000000080c00000, 0x0000000080c00000|100%| O|  |TAMS 0x0000000080c00000, 0x0000000080b00000| Untracked 
|  12|0x0000000080c00000, 0x0000000080d00000, 0x0000000080d00000|100%| O|  |TAMS 0x0000000080d00000, 0x0000000080c00000| Untracked 
|  13|0x0000000080d00000, 0x0000000080e00000, 0x0000000080e00000|100%| O|  |TAMS 0x0000000080e00000, 0x0000000080d00000| Untracked 
|  14|0x0000000080e00000, 0x0000000080f00000, 0x0000000080f00000|100%| O|  |TAMS 0x0000000080f00000, 0x0000000080e00000| Untracked 
|  15|0x0000000080f00000, 0x0000000081000000, 0x0000000081000000|100%| O|  |TAMS 0x0000000081000000, 0x0000000080f00000| Untracked 
|  16|0x0000000081000000, 0x0000000081100000, 0x0000000081100000|100%| O|  |TAMS 0x0000000081100000, 0x0000000081000000| Untracked 
|  17|0x0000000081100000, 0x0000000081200000, 0x0000000081200000|100%| O|  |TAMS 0x0000000081200000, 0x0000000081100000| Untracked 
|  18|0x0000000081200000, 0x0000000081300000, 0x0000000081300000|100%| O|  |TAMS 0x0000000081300000, 0x0000000081200000| Untracked 
|  19|0x0000000081300000, 0x0000000081400000, 0x0000000081400000|100%| O|  |TAMS 0x0000000081400000, 0x0000000081300000| Untracked 
|  20|0x0000000081400000, 0x0000000081500000, 0x0000000081500000|100%| O|  |TAMS 0x0000000081500000, 0x0000000081400000| Untracked 
|  21|0x0000000081500000, 0x0000000081600000, 0x0000000081600000|100%| O|  |TAMS 0x0000000081600000, 0x0000000081500000| Untracked 
|  22|0x0000000081600000, 0x0000000081700000, 0x0000000081700000|100%| O|  |TAMS 0x0000000081700000, 0x0000000081600000| Untracked 
|  23|0x0000000081700000, 0x0000000081800000, 0x0000000081800000|100%| O|  |TAMS 0x0000000081800000, 0x0000000081700000| Untracked 
|  24|0x0000000081800000, 0x0000000081900000, 0x0000000081900000|100%| O|  |TAMS 0x0000000081900000, 0x0000000081800000| Untracked 
|  25|0x0000000081900000, 0x0000000081a00000, 0x0000000081a00000|100%| O|  |TAMS 0x0000000081a00000, 0x0000000081900000| Untracked 
|  26|0x0000000081a00000, 0x0000000081b00000, 0x0000000081b00000|100%| O|  |TAMS 0x0000000081b00000, 0x0000000081a00000| Untracked 
|  27|0x0000000081b00000, 0x0000000081c00000, 0x0000000081c00000|100%| O|  |TAMS 0x0000000081c00000, 0x0000000081b00000| Untracked 
|  28|0x0000000081c00000, 0x0000000081d00000, 0x0000000081d00000|100%| O|  |TAMS 0x0000000081d00000, 0x0000000081c00000| Untracked 
|  29|0x0000000081d00000, 0x0000000081e00000, 0x0000000081e00000|100%| O|  |TAMS 0x0000000081e00000, 0x0000000081d00000| Untracked 
|  30|0x0000000081e00000, 0x0000000081f00000, 0x0000000081f00000|100%| O|  |TAMS 0x0000000081f00000, 0x0000000081e00000| Untracked 
|  31|0x0000000081f00000, 0x0000000082000000, 0x0000000082000000|100%| O|  |TAMS 0x0000000082000000, 0x0000000081f00000| Untracked 
|  32|0x0000000082000000, 0x0000000082100000, 0x0000000082100000|100%| O|  |TAMS 0x0000000082100000, 0x0000000082000000| Untracked 
|  33|0x0000000082100000, 0x0000000082200000, 0x0000000082200000|100%| O|  |TAMS 0x0000000082200000, 0x0000000082100000| Untracked 
|  34|0x0000000082200000, 0x0000000082300000, 0x0000000082300000|100%|HS|  |TAMS 0x0000000082300000, 0x0000000082200000| Complete 
|  35|0x0000000082300000, 0x0000000082400000, 0x0000000082400000|100%|HS|  |TAMS 0x0000000082400000, 0x0000000082300000| Complete 
|  36|0x0000000082400000, 0x0000000082500000, 0x0000000082500000|100%|HS|  |TAMS 0x0000000082500000, 0x0000000082400000| Complete 
|  37|0x0000000082500000, 0x0000000082600000, 0x0000000082600000|100%| O|  |TAMS 0x0000000082600000, 0x0000000082500000| Untracked 
|  38|0x0000000082600000, 0x0000000082700000, 0x0000000082700000|100%|HS|  |TAMS 0x0000000082700000, 0x0000000082600000| Complete 
|  39|0x0000000082700000, 0x0000000082800000, 0x0000000082800000|100%|HC|  |TAMS 0x0000000082800000, 0x0000000082700000| Complete 
|  40|0x0000000082800000, 0x0000000082900000, 0x0000000082900000|100%|HC|  |TAMS 0x0000000082900000, 0x0000000082800000| Complete 
|  41|0x0000000082900000, 0x0000000082a00000, 0x0000000082a00000|100%| O|  |TAMS 0x0000000082a00000, 0x0000000082900000| Untracked 
|  42|0x0000000082a00000, 0x0000000082b00000, 0x0000000082b00000|100%| O|  |TAMS 0x0000000082b00000, 0x0000000082a00000| Untracked 
|  43|0x0000000082b00000, 0x0000000082c00000, 0x0000000082c00000|100%| O|  |TAMS 0x0000000082c00000, 0x0000000082b00000| Untracked 
|  44|0x0000000082c00000, 0x0000000082d00000, 0x0000000082d00000|100%|HS|  |TAMS 0x0000000082d00000, 0x0000000082c00000| Complete 
|  45|0x0000000082d00000, 0x0000000082e00000, 0x0000000082e00000|100%|HC|  |TAMS 0x0000000082e00000, 0x0000000082d00000| Complete 
|  46|0x0000000082e00000, 0x0000000082f00000, 0x0000000082f00000|100%| O|  |TAMS 0x0000000082f00000, 0x0000000082e00000| Untracked 
|  47|0x0000000082f00000, 0x0000000083000000, 0x0000000083000000|100%| O|  |TAMS 0x0000000083000000, 0x0000000082f00000| Untracked 
|  48|0x0000000083000000, 0x0000000083100000, 0x0000000083100000|100%| O|  |TAMS 0x0000000083100000, 0x0000000083000000| Untracked 
|  49|0x0000000083100000, 0x0000000083200000, 0x0000000083200000|100%| O|  |TAMS 0x0000000083200000, 0x0000000083100000| Untracked 
|  50|0x0000000083200000, 0x0000000083300000, 0x0000000083300000|100%| O|  |TAMS 0x0000000083300000, 0x0000000083200000| Untracked 
|  51|0x0000000083300000, 0x0000000083400000, 0x0000000083400000|100%| O|  |TAMS 0x0000000083400000, 0x0000000083300000| Untracked 
|  52|0x0000000083400000, 0x0000000083500000, 0x0000000083500000|100%| O|  |TAMS 0x0000000083500000, 0x0000000083400000| Untracked 
|  53|0x0000000083500000, 0x0000000083600000, 0x0000000083600000|100%| O|  |TAMS 0x0000000083600000, 0x0000000083500000| Untracked 
|  54|0x0000000083600000, 0x0000000083700000, 0x0000000083700000|100%| O|  |TAMS 0x0000000083700000, 0x0000000083600000| Untracked 
|  55|0x0000000083700000, 0x0000000083800000, 0x0000000083800000|100%| O|  |TAMS 0x0000000083800000, 0x0000000083700000| Untracked 
|  56|0x0000000083800000, 0x0000000083900000, 0x0000000083900000|100%| O|  |TAMS 0x0000000083900000, 0x0000000083800000| Untracked 
|  57|0x0000000083900000, 0x0000000083a00000, 0x0000000083a00000|100%| O|  |TAMS 0x0000000083a00000, 0x0000000083900000| Untracked 
|  58|0x0000000083a00000, 0x0000000083b00000, 0x0000000083b00000|100%| O|  |TAMS 0x0000000083b00000, 0x0000000083a00000| Untracked 
|  59|0x0000000083b00000, 0x0000000083c00000, 0x0000000083c00000|100%| O|  |TAMS 0x0000000083c00000, 0x0000000083b00000| Untracked 
|  60|0x0000000083c00000, 0x0000000083d00000, 0x0000000083d00000|100%| O|  |TAMS 0x0000000083d00000, 0x0000000083c00000| Untracked 
|  61|0x0000000083d00000, 0x0000000083e00000, 0x0000000083e00000|100%| O|  |TAMS 0x0000000083e00000, 0x0000000083d00000| Untracked 
|  62|0x0000000083e00000, 0x0000000083f00000, 0x0000000083f00000|100%| O|  |TAMS 0x0000000083e82600, 0x0000000083e00000| Untracked 
|  63|0x0000000083f00000, 0x0000000084000000, 0x0000000084000000|100%| O|  |TAMS 0x0000000083f00000, 0x0000000083f00000| Untracked 
|  64|0x0000000084000000, 0x0000000084100000, 0x0000000084100000|100%| O|  |TAMS 0x0000000084000000, 0x0000000084000000| Untracked 
|  65|0x0000000084100000, 0x0000000084200000, 0x0000000084200000|100%| O|  |TAMS 0x0000000084100000, 0x0000000084100000| Untracked 
|  66|0x0000000084200000, 0x0000000084300000, 0x0000000084300000|100%| O|  |TAMS 0x0000000084200000, 0x0000000084200000| Untracked 
|  67|0x0000000084300000, 0x0000000084400000, 0x0000000084400000|100%| O|  |TAMS 0x0000000084300000, 0x0000000084300000| Untracked 
|  68|0x0000000084400000, 0x0000000084500000, 0x0000000084500000|100%| O|  |TAMS 0x0000000084400000, 0x0000000084400000| Untracked 
|  69|0x0000000084500000, 0x00000000845c9400, 0x0000000084600000| 78%| O|  |TAMS 0x0000000084500000, 0x0000000084500000| Untracked 
|  70|0x0000000084600000, 0x0000000084600000, 0x0000000084700000|  0%| F|  |TAMS 0x0000000084600000, 0x0000000084600000| Untracked 
|  71|0x0000000084700000, 0x0000000084700000, 0x0000000084800000|  0%| F|  |TAMS 0x0000000084700000, 0x0000000084700000| Untracked 
|  72|0x0000000084800000, 0x0000000084800000, 0x0000000084900000|  0%| F|  |TAMS 0x0000000084800000, 0x0000000084800000| Untracked 
|  73|0x0000000084900000, 0x0000000084900000, 0x0000000084a00000|  0%| F|  |TAMS 0x0000000084900000, 0x0000000084900000| Untracked 
|  74|0x0000000084a00000, 0x0000000084a00000, 0x0000000084b00000|  0%| F|  |TAMS 0x0000000084a00000, 0x0000000084a00000| Untracked 
|  75|0x0000000084b00000, 0x0000000084b00000, 0x0000000084c00000|  0%| F|  |TAMS 0x0000000084b00000, 0x0000000084b00000| Untracked 
|  76|0x0000000084c00000, 0x0000000084c00000, 0x0000000084d00000|  0%| F|  |TAMS 0x0000000084c00000, 0x0000000084c00000| Untracked 
|  77|0x0000000084d00000, 0x0000000084d00000, 0x0000000084e00000|  0%| F|  |TAMS 0x0000000084d00000, 0x0000000084d00000| Untracked 
|  78|0x0000000084e00000, 0x0000000084e00000, 0x0000000084f00000|  0%| F|  |TAMS 0x0000000084e00000, 0x0000000084e00000| Untracked 
|  79|0x0000000084f00000, 0x0000000084f00000, 0x0000000085000000|  0%| F|  |TAMS 0x0000000084f00000, 0x0000000084f00000| Untracked 
|  80|0x0000000085000000, 0x0000000085000000, 0x0000000085100000|  0%| F|  |TAMS 0x0000000085000000, 0x0000000085000000| Untracked 
|  81|0x0000000085100000, 0x0000000085100000, 0x0000000085200000|  0%| F|  |TAMS 0x0000000085100000, 0x0000000085100000| Untracked 
|  82|0x0000000085200000, 0x0000000085200000, 0x0000000085300000|  0%| F|  |TAMS 0x0000000085200000, 0x0000000085200000| Untracked 
|  83|0x0000000085300000, 0x0000000085300000, 0x0000000085400000|  0%| F|  |TAMS 0x0000000085300000, 0x0000000085300000| Untracked 
|  84|0x0000000085400000, 0x0000000085400000, 0x0000000085500000|  0%| F|  |TAMS 0x0000000085400000, 0x0000000085400000| Untracked 
|  85|0x0000000085500000, 0x0000000085500000, 0x0000000085600000|  0%| F|  |TAMS 0x0000000085500000, 0x0000000085500000| Untracked 
|  86|0x0000000085600000, 0x0000000085600000, 0x0000000085700000|  0%| F|  |TAMS 0x0000000085600000, 0x0000000085600000| Untracked 
|  87|0x0000000085700000, 0x0000000085700000, 0x0000000085800000|  0%| F|  |TAMS 0x0000000085700000, 0x0000000085700000| Untracked 
|  88|0x0000000085800000, 0x0000000085800000, 0x0000000085900000|  0%| F|  |TAMS 0x0000000085800000, 0x0000000085800000| Untracked 
|  89|0x0000000085900000, 0x0000000085900000, 0x0000000085a00000|  0%| F|  |TAMS 0x0000000085900000, 0x0000000085900000| Untracked 
|  90|0x0000000085a00000, 0x0000000085a00000, 0x0000000085b00000|  0%| F|  |TAMS 0x0000000085a00000, 0x0000000085a00000| Untracked 
|  91|0x0000000085b00000, 0x0000000085b00000, 0x0000000085c00000|  0%| F|  |TAMS 0x0000000085b00000, 0x0000000085b00000| Untracked 
|  92|0x0000000085c00000, 0x0000000085c00000, 0x0000000085d00000|  0%| F|  |TAMS 0x0000000085c00000, 0x0000000085c00000| Untracked 
|  93|0x0000000085d00000, 0x0000000085d00000, 0x0000000085e00000|  0%| F|  |TAMS 0x0000000085d00000, 0x0000000085d00000| Untracked 
|  94|0x0000000085e00000, 0x0000000085e00000, 0x0000000085f00000|  0%| F|  |TAMS 0x0000000085e00000, 0x0000000085e00000| Untracked 
|  95|0x0000000085f00000, 0x0000000085f00000, 0x0000000086000000|  0%| F|  |TAMS 0x0000000085f00000, 0x0000000085f00000| Untracked 
|  96|0x0000000086000000, 0x0000000086000000, 0x0000000086100000|  0%| F|  |TAMS 0x0000000086000000, 0x0000000086000000| Untracked 
|  97|0x0000000086100000, 0x0000000086100000, 0x0000000086200000|  0%| F|  |TAMS 0x0000000086100000, 0x0000000086100000| Untracked 
|  98|0x0000000086200000, 0x0000000086200000, 0x0000000086300000|  0%| F|  |TAMS 0x0000000086200000, 0x0000000086200000| Untracked 
|  99|0x0000000086300000, 0x0000000086300000, 0x0000000086400000|  0%| F|  |TAMS 0x0000000086300000, 0x0000000086300000| Untracked 
| 100|0x0000000086400000, 0x0000000086400000, 0x0000000086500000|  0%| F|  |TAMS 0x0000000086400000, 0x0000000086400000| Untracked 
| 101|0x0000000086500000, 0x0000000086500000, 0x0000000086600000|  0%| F|  |TAMS 0x0000000086500000, 0x0000000086500000| Untracked 
| 102|0x0000000086600000, 0x0000000086600000, 0x0000000086700000|  0%| F|  |TAMS 0x0000000086600000, 0x0000000086600000| Untracked 
| 103|0x0000000086700000, 0x0000000086700000, 0x0000000086800000|  0%| F|  |TAMS 0x0000000086700000, 0x0000000086700000| Untracked 
| 104|0x0000000086800000, 0x0000000086800000, 0x0000000086900000|  0%| F|  |TAMS 0x0000000086800000, 0x0000000086800000| Untracked 
| 105|0x0000000086900000, 0x0000000086900000, 0x0000000086a00000|  0%| F|  |TAMS 0x0000000086900000, 0x0000000086900000| Untracked 
| 106|0x0000000086a00000, 0x0000000086a00000, 0x0000000086b00000|  0%| F|  |TAMS 0x0000000086a00000, 0x0000000086a00000| Untracked 
| 107|0x0000000086b00000, 0x0000000086b00000, 0x0000000086c00000|  0%| F|  |TAMS 0x0000000086b00000, 0x0000000086b00000| Untracked 
| 108|0x0000000086c00000, 0x0000000086c00000, 0x0000000086d00000|  0%| F|  |TAMS 0x0000000086c00000, 0x0000000086c00000| Untracked 
| 109|0x0000000086d00000, 0x0000000086d00000, 0x0000000086e00000|  0%| F|  |TAMS 0x0000000086d00000, 0x0000000086d00000| Untracked 
| 110|0x0000000086e00000, 0x0000000086e00000, 0x0000000086f00000|  0%| F|  |TAMS 0x0000000086e00000, 0x0000000086e00000| Untracked 
| 111|0x0000000086f00000, 0x0000000086f00000, 0x0000000087000000|  0%| F|  |TAMS 0x0000000086f00000, 0x0000000086f00000| Untracked 
| 112|0x0000000087000000, 0x0000000087000000, 0x0000000087100000|  0%| F|  |TAMS 0x0000000087000000, 0x0000000087000000| Untracked 
| 113|0x0000000087100000, 0x0000000087100000, 0x0000000087200000|  0%| F|  |TAMS 0x0000000087100000, 0x0000000087100000| Untracked 
| 114|0x0000000087200000, 0x0000000087200000, 0x0000000087300000|  0%| F|  |TAMS 0x0000000087200000, 0x0000000087200000| Untracked 
| 115|0x0000000087300000, 0x0000000087300000, 0x0000000087400000|  0%| F|  |TAMS 0x0000000087300000, 0x0000000087300000| Untracked 
| 116|0x0000000087400000, 0x0000000087400000, 0x0000000087500000|  0%| F|  |TAMS 0x0000000087400000, 0x0000000087400000| Untracked 
| 117|0x0000000087500000, 0x0000000087500000, 0x0000000087600000|  0%| F|  |TAMS 0x0000000087500000, 0x0000000087500000| Untracked 
| 118|0x0000000087600000, 0x0000000087600000, 0x0000000087700000|  0%| F|  |TAMS 0x0000000087600000, 0x0000000087600000| Untracked 
| 119|0x0000000087700000, 0x0000000087700000, 0x0000000087800000|  0%| F|  |TAMS 0x0000000087700000, 0x0000000087700000| Untracked 
| 120|0x0000000087800000, 0x0000000087800000, 0x0000000087900000|  0%| F|  |TAMS 0x0000000087800000, 0x0000000087800000| Untracked 
| 121|0x0000000087900000, 0x0000000087900000, 0x0000000087a00000|  0%| F|  |TAMS 0x0000000087900000, 0x0000000087900000| Untracked 
| 122|0x0000000087a00000, 0x0000000087a00000, 0x0000000087b00000|  0%| F|  |TAMS 0x0000000087a00000, 0x0000000087a00000| Untracked 
| 123|0x0000000087b00000, 0x0000000087b00000, 0x0000000087c00000|  0%| F|  |TAMS 0x0000000087b00000, 0x0000000087b00000| Untracked 
| 124|0x0000000087c00000, 0x0000000087c00000, 0x0000000087d00000|  0%| F|  |TAMS 0x0000000087c00000, 0x0000000087c00000| Untracked 
| 125|0x0000000087d00000, 0x0000000087d00000, 0x0000000087e00000|  0%| F|  |TAMS 0x0000000087d00000, 0x0000000087d00000| Untracked 
| 126|0x0000000087e00000, 0x0000000087e00000, 0x0000000087f00000|  0%| F|  |TAMS 0x0000000087e00000, 0x0000000087e00000| Untracked 
| 127|0x0000000087f00000, 0x0000000087f00000, 0x0000000088000000|  0%| F|  |TAMS 0x0000000087f00000, 0x0000000087f00000| Untracked 
| 128|0x0000000088000000, 0x0000000088000000, 0x0000000088100000|  0%| F|  |TAMS 0x0000000088000000, 0x0000000088000000| Untracked 
| 129|0x0000000088100000, 0x0000000088100000, 0x0000000088200000|  0%| F|  |TAMS 0x0000000088100000, 0x0000000088100000| Untracked 
| 130|0x0000000088200000, 0x0000000088200000, 0x0000000088300000|  0%| F|  |TAMS 0x0000000088200000, 0x0000000088200000| Untracked 
| 131|0x0000000088300000, 0x0000000088300000, 0x0000000088400000|  0%| F|  |TAMS 0x0000000088300000, 0x0000000088300000| Untracked 
| 132|0x0000000088400000, 0x0000000088400000, 0x0000000088500000|  0%| F|  |TAMS 0x0000000088400000, 0x0000000088400000| Untracked 
| 133|0x0000000088500000, 0x0000000088500000, 0x0000000088600000|  0%| F|  |TAMS 0x0000000088500000, 0x0000000088500000| Untracked 
| 134|0x0000000088600000, 0x0000000088600000, 0x0000000088700000|  0%| F|  |TAMS 0x0000000088600000, 0x0000000088600000| Untracked 
| 135|0x0000000088700000, 0x0000000088700000, 0x0000000088800000|  0%| F|  |TAMS 0x0000000088700000, 0x0000000088700000| Untracked 
| 136|0x0000000088800000, 0x0000000088800000, 0x0000000088900000|  0%| F|  |TAMS 0x0000000088800000, 0x0000000088800000| Untracked 
| 137|0x0000000088900000, 0x0000000088900000, 0x0000000088a00000|  0%| F|  |TAMS 0x0000000088900000, 0x0000000088900000| Untracked 
| 138|0x0000000088a00000, 0x0000000088a00000, 0x0000000088b00000|  0%| F|  |TAMS 0x0000000088a00000, 0x0000000088a00000| Untracked 
| 139|0x0000000088b00000, 0x0000000088b00000, 0x0000000088c00000|  0%| F|  |TAMS 0x0000000088b00000, 0x0000000088b00000| Untracked 
| 140|0x0000000088c00000, 0x0000000088c00000, 0x0000000088d00000|  0%| F|  |TAMS 0x0000000088c00000, 0x0000000088c00000| Untracked 
| 141|0x0000000088d00000, 0x0000000088d00000, 0x0000000088e00000|  0%| F|  |TAMS 0x0000000088d00000, 0x0000000088d00000| Untracked 
| 142|0x0000000088e00000, 0x0000000088e00000, 0x0000000088f00000|  0%| F|  |TAMS 0x0000000088e00000, 0x0000000088e00000| Untracked 
| 143|0x0000000088f00000, 0x0000000088f00000, 0x0000000089000000|  0%| F|  |TAMS 0x0000000088f00000, 0x0000000088f00000| Untracked 
| 144|0x0000000089000000, 0x0000000089000000, 0x0000000089100000|  0%| F|  |TAMS 0x0000000089000000, 0x0000000089000000| Untracked 
| 145|0x0000000089100000, 0x0000000089100000, 0x0000000089200000|  0%| F|  |TAMS 0x0000000089100000, 0x0000000089100000| Untracked 
| 146|0x0000000089200000, 0x0000000089200000, 0x0000000089300000|  0%| F|  |TAMS 0x0000000089200000, 0x0000000089200000| Untracked 
| 147|0x0000000089300000, 0x0000000089300000, 0x0000000089400000|  0%| F|  |TAMS 0x0000000089300000, 0x0000000089300000| Untracked 
| 148|0x0000000089400000, 0x0000000089400000, 0x0000000089500000|  0%| F|  |TAMS 0x0000000089400000, 0x0000000089400000| Untracked 
| 149|0x0000000089500000, 0x0000000089500000, 0x0000000089600000|  0%| F|  |TAMS 0x0000000089500000, 0x0000000089500000| Untracked 
| 150|0x0000000089600000, 0x0000000089600000, 0x0000000089700000|  0%| F|  |TAMS 0x0000000089600000, 0x0000000089600000| Untracked 
| 151|0x0000000089700000, 0x0000000089700000, 0x0000000089800000|  0%| F|  |TAMS 0x0000000089700000, 0x0000000089700000| Untracked 
| 152|0x0000000089800000, 0x0000000089800000, 0x0000000089900000|  0%| F|  |TAMS 0x0000000089800000, 0x0000000089800000| Untracked 
| 153|0x0000000089900000, 0x0000000089900000, 0x0000000089a00000|  0%| F|  |TAMS 0x0000000089900000, 0x0000000089900000| Untracked 
| 154|0x0000000089a00000, 0x0000000089a00000, 0x0000000089b00000|  0%| F|  |TAMS 0x0000000089a00000, 0x0000000089a00000| Untracked 
| 155|0x0000000089b00000, 0x0000000089b00000, 0x0000000089c00000|  0%| F|  |TAMS 0x0000000089b00000, 0x0000000089b00000| Untracked 
| 156|0x0000000089c00000, 0x0000000089c00000, 0x0000000089d00000|  0%| F|  |TAMS 0x0000000089c00000, 0x0000000089c00000| Untracked 
| 157|0x0000000089d00000, 0x0000000089d00000, 0x0000000089e00000|  0%| F|  |TAMS 0x0000000089d00000, 0x0000000089d00000| Untracked 
| 158|0x0000000089e00000, 0x0000000089e00000, 0x0000000089f00000|  0%| F|  |TAMS 0x0000000089e00000, 0x0000000089e00000| Untracked 
| 159|0x0000000089f00000, 0x0000000089f00000, 0x000000008a000000|  0%| F|  |TAMS 0x0000000089f00000, 0x0000000089f00000| Untracked 
| 160|0x000000008a000000, 0x000000008a000000, 0x000000008a100000|  0%| F|  |TAMS 0x000000008a000000, 0x000000008a000000| Untracked 
| 161|0x000000008a100000, 0x000000008a100000, 0x000000008a200000|  0%| F|  |TAMS 0x000000008a100000, 0x000000008a100000| Untracked 
| 162|0x000000008a200000, 0x000000008a200000, 0x000000008a300000|  0%| F|  |TAMS 0x000000008a200000, 0x000000008a200000| Untracked 
| 163|0x000000008a300000, 0x000000008a300000, 0x000000008a400000|  0%| F|  |TAMS 0x000000008a300000, 0x000000008a300000| Untracked 
| 164|0x000000008a400000, 0x000000008a400000, 0x000000008a500000|  0%| F|  |TAMS 0x000000008a400000, 0x000000008a400000| Untracked 
| 165|0x000000008a500000, 0x000000008a500000, 0x000000008a600000|  0%| F|  |TAMS 0x000000008a500000, 0x000000008a500000| Untracked 
| 166|0x000000008a600000, 0x000000008a600000, 0x000000008a700000|  0%| F|  |TAMS 0x000000008a600000, 0x000000008a600000| Untracked 
| 167|0x000000008a700000, 0x000000008a700000, 0x000000008a800000|  0%| F|  |TAMS 0x000000008a700000, 0x000000008a700000| Untracked 
| 168|0x000000008a800000, 0x000000008a800000, 0x000000008a900000|  0%| F|  |TAMS 0x000000008a800000, 0x000000008a800000| Untracked 
| 169|0x000000008a900000, 0x000000008a900000, 0x000000008aa00000|  0%| F|  |TAMS 0x000000008a900000, 0x000000008a900000| Untracked 
| 170|0x000000008aa00000, 0x000000008aa00000, 0x000000008ab00000|  0%| F|  |TAMS 0x000000008aa00000, 0x000000008aa00000| Untracked 
| 171|0x000000008ab00000, 0x000000008ab00000, 0x000000008ac00000|  0%| F|  |TAMS 0x000000008ab00000, 0x000000008ab00000| Untracked 
| 172|0x000000008ac00000, 0x000000008ac00000, 0x000000008ad00000|  0%| F|  |TAMS 0x000000008ac00000, 0x000000008ac00000| Untracked 
| 173|0x000000008ad00000, 0x000000008ad00000, 0x000000008ae00000|  0%| F|  |TAMS 0x000000008ad00000, 0x000000008ad00000| Untracked 
| 174|0x000000008ae00000, 0x000000008ae00000, 0x000000008af00000|  0%| F|  |TAMS 0x000000008ae00000, 0x000000008ae00000| Untracked 
| 175|0x000000008af00000, 0x000000008af00000, 0x000000008b000000|  0%| F|  |TAMS 0x000000008af00000, 0x000000008af00000| Untracked 
| 176|0x000000008b000000, 0x000000008b000000, 0x000000008b100000|  0%| F|  |TAMS 0x000000008b000000, 0x000000008b000000| Untracked 
| 177|0x000000008b100000, 0x000000008b100000, 0x000000008b200000|  0%| F|  |TAMS 0x000000008b100000, 0x000000008b100000| Untracked 
| 178|0x000000008b200000, 0x000000008b200000, 0x000000008b300000|  0%| F|  |TAMS 0x000000008b200000, 0x000000008b200000| Untracked 
| 179|0x000000008b300000, 0x000000008b300000, 0x000000008b400000|  0%| F|  |TAMS 0x000000008b300000, 0x000000008b300000| Untracked 
| 180|0x000000008b400000, 0x000000008b400000, 0x000000008b500000|  0%| F|  |TAMS 0x000000008b400000, 0x000000008b400000| Untracked 
| 181|0x000000008b500000, 0x000000008b500000, 0x000000008b600000|  0%| F|  |TAMS 0x000000008b500000, 0x000000008b500000| Untracked 
| 182|0x000000008b600000, 0x000000008b600000, 0x000000008b700000|  0%| F|  |TAMS 0x000000008b600000, 0x000000008b600000| Untracked 
| 183|0x000000008b700000, 0x000000008b7d8c80, 0x000000008b800000| 84%| S|CS|TAMS 0x000000008b700000, 0x000000008b700000| Complete 
| 184|0x000000008b800000, 0x000000008b800000, 0x000000008b900000|  0%| F|  |TAMS 0x000000008b800000, 0x000000008b800000| Untracked 
| 185|0x000000008b900000, 0x000000008b900000, 0x000000008ba00000|  0%| F|  |TAMS 0x000000008b900000, 0x000000008b900000| Untracked 
| 186|0x000000008ba00000, 0x000000008ba00000, 0x000000008bb00000|  0%| F|  |TAMS 0x000000008ba00000, 0x000000008ba00000| Untracked 
| 187|0x000000008bb00000, 0x000000008bc00000, 0x000000008bc00000|100%| S|CS|TAMS 0x000000008bb00000, 0x000000008bb00000| Complete 
| 188|0x000000008bc00000, 0x000000008bd00000, 0x000000008bd00000|100%| S|CS|TAMS 0x000000008bc00000, 0x000000008bc00000| Complete 
| 189|0x000000008bd00000, 0x000000008be00000, 0x000000008be00000|100%| S|CS|TAMS 0x000000008bd00000, 0x000000008bd00000| Complete 
| 190|0x000000008be00000, 0x000000008be00000, 0x000000008bf00000|  0%| F|  |TAMS 0x000000008be00000, 0x000000008be00000| Untracked 
| 191|0x000000008bf00000, 0x000000008bf00000, 0x000000008c000000|  0%| F|  |TAMS 0x000000008bf00000, 0x000000008bf00000| Untracked 
| 192|0x000000008c000000, 0x000000008c000000, 0x000000008c100000|  0%| F|  |TAMS 0x000000008c000000, 0x000000008c000000| Untracked 
| 193|0x000000008c100000, 0x000000008c100000, 0x000000008c200000|  0%| F|  |TAMS 0x000000008c100000, 0x000000008c100000| Untracked 
| 194|0x000000008c200000, 0x000000008c200000, 0x000000008c300000|  0%| F|  |TAMS 0x000000008c200000, 0x000000008c200000| Untracked 
| 195|0x000000008c300000, 0x000000008c300000, 0x000000008c400000|  0%| F|  |TAMS 0x000000008c300000, 0x000000008c300000| Untracked 
| 196|0x000000008c400000, 0x000000008c400000, 0x000000008c500000|  0%| F|  |TAMS 0x000000008c400000, 0x000000008c400000| Untracked 
| 197|0x000000008c500000, 0x000000008c500000, 0x000000008c600000|  0%| F|  |TAMS 0x000000008c500000, 0x000000008c500000| Untracked 
| 198|0x000000008c600000, 0x000000008c600000, 0x000000008c700000|  0%| F|  |TAMS 0x000000008c600000, 0x000000008c600000| Untracked 
| 199|0x000000008c700000, 0x000000008c700000, 0x000000008c800000|  0%| F|  |TAMS 0x000000008c700000, 0x000000008c700000| Untracked 
| 200|0x000000008c800000, 0x000000008c800000, 0x000000008c900000|  0%| F|  |TAMS 0x000000008c800000, 0x000000008c800000| Untracked 
| 201|0x000000008c900000, 0x000000008c900000, 0x000000008ca00000|  0%| F|  |TAMS 0x000000008c900000, 0x000000008c900000| Untracked 
| 202|0x000000008ca00000, 0x000000008ca00000, 0x000000008cb00000|  0%| F|  |TAMS 0x000000008ca00000, 0x000000008ca00000| Untracked 
| 203|0x000000008cb00000, 0x000000008cb00000, 0x000000008cc00000|  0%| F|  |TAMS 0x000000008cb00000, 0x000000008cb00000| Untracked 
| 204|0x000000008cc00000, 0x000000008cc00000, 0x000000008cd00000|  0%| F|  |TAMS 0x000000008cc00000, 0x000000008cc00000| Untracked 
| 205|0x000000008cd00000, 0x000000008cd00000, 0x000000008ce00000|  0%| F|  |TAMS 0x000000008cd00000, 0x000000008cd00000| Untracked 
| 206|0x000000008ce00000, 0x000000008ce00000, 0x000000008cf00000|  0%| F|  |TAMS 0x000000008ce00000, 0x000000008ce00000| Untracked 
| 207|0x000000008cf00000, 0x000000008cf00000, 0x000000008d000000|  0%| F|  |TAMS 0x000000008cf00000, 0x000000008cf00000| Untracked 
| 208|0x000000008d000000, 0x000000008d000000, 0x000000008d100000|  0%| F|  |TAMS 0x000000008d000000, 0x000000008d000000| Untracked 
| 209|0x000000008d100000, 0x000000008d100000, 0x000000008d200000|  0%| F|  |TAMS 0x000000008d100000, 0x000000008d100000| Untracked 
| 210|0x000000008d200000, 0x000000008d200000, 0x000000008d300000|  0%| F|  |TAMS 0x000000008d200000, 0x000000008d200000| Untracked 
| 211|0x000000008d300000, 0x000000008d300000, 0x000000008d400000|  0%| F|  |TAMS 0x000000008d300000, 0x000000008d300000| Untracked 
| 212|0x000000008d400000, 0x000000008d400000, 0x000000008d500000|  0%| F|  |TAMS 0x000000008d400000, 0x000000008d400000| Untracked 
| 213|0x000000008d500000, 0x000000008d500000, 0x000000008d600000|  0%| F|  |TAMS 0x000000008d500000, 0x000000008d500000| Untracked 
| 214|0x000000008d600000, 0x000000008d600000, 0x000000008d700000|  0%| F|  |TAMS 0x000000008d600000, 0x000000008d600000| Untracked 
| 215|0x000000008d700000, 0x000000008d700000, 0x000000008d800000|  0%| F|  |TAMS 0x000000008d700000, 0x000000008d700000| Untracked 
| 216|0x000000008d800000, 0x000000008d800000, 0x000000008d900000|  0%| F|  |TAMS 0x000000008d800000, 0x000000008d800000| Untracked 
| 217|0x000000008d900000, 0x000000008d900000, 0x000000008da00000|  0%| F|  |TAMS 0x000000008d900000, 0x000000008d900000| Untracked 
| 218|0x000000008da00000, 0x000000008da00000, 0x000000008db00000|  0%| F|  |TAMS 0x000000008da00000, 0x000000008da00000| Untracked 

Card table byte_map: [0x000002be35ac0000,0x000002be35ec0000] _byte_map_base: 0x000002be356c0000

Marking Bits (Prev, Next): (CMBitMap*) 0x000002be226c32f0, (CMBitMap*) 0x000002be226c32b8
 Prev Bits: [0x000002be382c0000, 0x000002be3a2c0000)
 Next Bits: [0x000002be362c0000, 0x000002be382c0000)

Polling page: 0x000002be20620000

Metaspace:

Usage:
  Non-class:     70.62 MB capacity,    69.42 MB ( 98%) used,  1022.77 KB (  1%) free+waste,   200.69 KB ( <1%) overhead. 
      Class:     10.93 MB capacity,    10.30 MB ( 94%) used,   556.39 KB (  5%) free+waste,    92.44 KB ( <1%) overhead. 
       Both:     81.55 MB capacity,    79.72 MB ( 98%) used,     1.54 MB (  2%) free+waste,   293.13 KB ( <1%) overhead. 

Virtual space:
  Non-class space:       72.00 MB reserved,      70.75 MB ( 98%) committed 
      Class space:        1.00 GB reserved,      10.95 MB (  1%) committed 
             Both:        1.07 GB reserved,      81.70 MB (  7%) committed 

Chunk freelists:
   Non-Class:  7.00 KB
       Class:  6.00 KB
        Both:  13.00 KB

MaxMetaspaceSize: 17179869184.00 GB
CompressedClassSpaceSize: 1.00 GB

CodeHeap 'non-profiled nmethods': size=120000Kb used=5438Kb max_used=5438Kb free=114561Kb
 bounds [0x000002be2dc40000, 0x000002be2e190000, 0x000002be35170000]
CodeHeap 'profiled nmethods': size=120000Kb used=17214Kb max_used=17214Kb free=102785Kb
 bounds [0x000002be26710000, 0x000002be277e0000, 0x000002be2dc40000]
CodeHeap 'non-nmethods': size=5760Kb used=2277Kb max_used=2329Kb free=3482Kb
 bounds [0x000002be26170000, 0x000002be263e0000, 0x000002be26710000]
 total_blobs=9083 nmethods=8208 adapters=784
 compilation: enabled
              stopped_count=0, restarted_count=0
 full_count=0

Compilation events (20 events):
Event: 154.313 Thread 0x000002be3cf47000 nmethod 8357 0x000002be277dd990 code [0x000002be277ddb40, 0x000002be277ddc38]
Event: 154.313 Thread 0x000002be3cf47000 8358       1       org.gradle.api.internal.tasks.properties.annotations.InputPropertyAnnotationHandler::isPropertyRelevant (2 bytes)
Event: 154.313 Thread 0x000002be3cf47000 nmethod 8358 0x000002be2e18c990 code [0x000002be2e18cb40, 0x000002be2e18cbf8]
Event: 154.314 Thread 0x000002be3cf47000 8359       3       com.google.common.base.Suppliers::memoize (43 bytes)
Event: 154.315 Thread 0x000002be3cf47000 nmethod 8359 0x000002be277ddd10 code [0x000002be277ddf40, 0x000002be277de858]
Event: 154.315 Thread 0x000002be3cf47000 8361       3       org.gradle.api.internal.tasks.properties.DefaultTypeMetadataStore$DefaultPropertyMetadata::getGetterMethod (10 bytes)
Event: 154.315 Thread 0x000002be3cf47000 nmethod 8361 0x000002be277dea90 code [0x000002be277dec40, 0x000002be277ded98]
Event: 154.315 Thread 0x000002be3cf47000 8360       3       com.google.common.base.Suppliers$NonSerializableMemoizingSupplier::<init> (16 bytes)
Event: 154.315 Thread 0x000002be3cf47000 nmethod 8360 0x000002be277dee90 code [0x000002be277df080, 0x000002be277df488]
Event: 154.315 Thread 0x000002be3cf47000 8362       1       org.gradle.api.internal.tasks.properties.annotations.InputPropertyAnnotationHandler::shouldVisit (2 bytes)
Event: 154.316 Thread 0x000002be3cf47000 nmethod 8362 0x000002be2e18cc90 code [0x000002be2e18ce40, 0x000002be2e18cef8]
Event: 154.316 Thread 0x000002be3cf47000 8363       3       org.gradle.api.internal.tasks.properties.DefaultTypeMetadataStore$DefaultPropertyMetadata::getPropertyName (10 bytes)
Event: 154.316 Thread 0x000002be3cf47000 nmethod 8363 0x000002be277df610 code [0x000002be277df7c0, 0x000002be277df918]
Event: 154.320 Thread 0x000002be3d867800 nmethod 8353 0x000002be2e18cf90 code [0x000002be2e18d140, 0x000002be2e18d478]
Event: 154.320 Thread 0x000002be3d867800 8356       4       com.google.common.collect.RegularImmutableMap$EntrySet$1::size (8 bytes)
Event: 154.321 Thread 0x000002be3d867800 nmethod 8356 0x000002be2e18d690 code [0x000002be2e18d820, 0x000002be2e18d898]
Event: 154.321 Thread 0x000002be3d867800 8354       4       com.google.common.collect.RegularImmutableSet::iterator (8 bytes)
Event: 154.324 Thread 0x000002be3d867800 nmethod 8354 0x000002be2e18d990 code [0x000002be2e18db40, 0x000002be2e18def8]
Event: 154.324 Thread 0x000002be3d867800 8355       4       com.google.common.collect.ImmutableSet$Builder::add (47 bytes)
Event: 154.350 Thread 0x000002be3d867800 nmethod 8355 0x000002be2e18e110 code [0x000002be2e18e320, 0x000002be2e18f2b8]

GC Heap History (20 events):
Event: 15.764 GC heap after
{Heap after GC invocations=45 (full 0):
 garbage-first heap   total 99328K, used 58014K [0x0000000080000000, 0x0000000100000000)
  region size 1024K, 2 young (2048K), 2 survivors (2048K)
 Metaspace       used 63068K, capacity 64619K, committed 64844K, reserved 1105920K
  class space    used 7931K, capacity 8490K, committed 8524K, reserved 1048576K
}
Event: 16.010 GC heap before
{Heap before GC invocations=46 (full 0):
 garbage-first heap   total 99328K, used 62110K [0x0000000080000000, 0x0000000100000000)
  region size 1024K, 8 young (8192K), 2 survivors (2048K)
 Metaspace       used 63529K, capacity 65078K, committed 65228K, reserved 1105920K
  class space    used 8008K, capacity 8557K, committed 8652K, reserved 1048576K
}
Event: 16.018 GC heap after
{Heap after GC invocations=47 (full 0):
 garbage-first heap   total 119808K, used 58246K [0x0000000080000000, 0x0000000100000000)
  region size 1024K, 2 young (2048K), 2 survivors (2048K)
 Metaspace       used 63529K, capacity 65078K, committed 65228K, reserved 1105920K
  class space    used 8008K, capacity 8557K, committed 8652K, reserved 1048576K
}
Event: 17.356 GC heap before
{Heap before GC invocations=48 (full 0):
 garbage-first heap   total 119808K, used 85894K [0x0000000080000000, 0x0000000100000000)
  region size 1024K, 28 young (28672K), 2 survivors (2048K)
 Metaspace       used 66093K, capacity 67597K, committed 67788K, reserved 1107968K
  class space    used 8334K, capacity 8878K, committed 8908K, reserved 1048576K
}
Event: 17.390 GC heap after
{Heap after GC invocations=49 (full 0):
 garbage-first heap   total 119808K, used 58940K [0x0000000080000000, 0x0000000100000000)
  region size 1024K, 3 young (3072K), 3 survivors (3072K)
 Metaspace       used 66093K, capacity 67597K, committed 67788K, reserved 1107968K
  class space    used 8334K, capacity 8878K, committed 8908K, reserved 1048576K
}
Event: 18.477 GC heap before
{Heap before GC invocations=49 (full 0):
 garbage-first heap   total 119808K, used 86588K [0x0000000080000000, 0x0000000100000000)
  region size 1024K, 30 young (30720K), 3 survivors (3072K)
 Metaspace       used 66866K, capacity 68418K, committed 68684K, reserved 1110016K
  class space    used 8433K, capacity 8954K, committed 9036K, reserved 1048576K
}
Event: 18.563 GC heap after
{Heap after GC invocations=50 (full 0):
 garbage-first heap   total 119808K, used 61416K [0x0000000080000000, 0x0000000100000000)
  region size 1024K, 4 young (4096K), 4 survivors (4096K)
 Metaspace       used 66866K, capacity 68418K, committed 68684K, reserved 1110016K
  class space    used 8433K, capacity 8954K, committed 9036K, reserved 1048576K
}
Event: 20.013 GC heap before
{Heap before GC invocations=51 (full 0):
 garbage-first heap   total 119808K, used 89064K [0x0000000080000000, 0x0000000100000000)
  region size 1024K, 31 young (31744K), 4 survivors (4096K)
 Metaspace       used 68131K, capacity 69739K, committed 69964K, reserved 1110016K
  class space    used 8565K, capacity 9159K, committed 9292K, reserved 1048576K
}
Event: 20.081 GC heap after
{Heap after GC invocations=52 (full 0):
 garbage-first heap   total 119808K, used 64138K [0x0000000080000000, 0x0000000100000000)
  region size 1024K, 3 young (3072K), 3 survivors (3072K)
 Metaspace       used 68131K, capacity 69739K, committed 69964K, reserved 1110016K
  class space    used 8565K, capacity 9159K, committed 9292K, reserved 1048576K
}
Event: 24.057 GC heap before
{Heap before GC invocations=52 (full 0):
 garbage-first heap   total 119808K, used 91786K [0x0000000080000000, 0x0000000100000000)
  region size 1024K, 30 young (30720K), 3 survivors (3072K)
 Metaspace       used 71691K, capacity 73271K, committed 73548K, reserved 1114112K
  class space    used 9194K, capacity 9781K, committed 9804K, reserved 1048576K
}
Event: 24.352 GC heap after
{Heap after GC invocations=53 (full 0):
 garbage-first heap   total 224256K, used 65942K [0x0000000080000000, 0x0000000100000000)
  region size 1024K, 2 young (2048K), 2 survivors (2048K)
 Metaspace       used 71691K, capacity 73271K, committed 73548K, reserved 1114112K
  class space    used 9194K, capacity 9781K, committed 9804K, reserved 1048576K
}
Event: 44.802 GC heap before
{Heap before GC invocations=54 (full 0):
 garbage-first heap   total 224256K, used 94614K [0x0000000080000000, 0x0000000100000000)
  region size 1024K, 30 young (30720K), 2 survivors (2048K)
 Metaspace       used 73108K, capacity 74822K, committed 75084K, reserved 1114112K
  class space    used 9368K, capacity 9992K, committed 10060K, reserved 1048576K
}
Event: 45.076 GC heap after
{Heap after GC invocations=55 (full 0):
 garbage-first heap   total 224256K, used 67760K [0x0000000080000000, 0x0000000100000000)
  region size 1024K, 4 young (4096K), 4 survivors (4096K)
 Metaspace       used 73108K, capacity 74822K, committed 75084K, reserved 1114112K
  class space    used 9368K, capacity 9992K, committed 10060K, reserved 1048576K
}
Event: 100.197 GC heap before
{Heap before GC invocations=55 (full 0):
 garbage-first heap   total 224256K, used 95408K [0x0000000080000000, 0x0000000100000000)
  region size 1024K, 31 young (31744K), 4 survivors (4096K)
 Metaspace       used 73896K, capacity 75642K, committed 75980K, reserved 1116160K
  class space    used 9476K, capacity 10091K, committed 10188K, reserved 1048576K
}
Event: 100.375 GC heap after
{Heap after GC invocations=56 (full 0):
 garbage-first heap   total 224256K, used 69542K [0x0000000080000000, 0x0000000100000000)
  region size 1024K, 4 young (4096K), 4 survivors (4096K)
 Metaspace       used 73896K, capacity 75642K, committed 75980K, reserved 1116160K
  class space    used 9476K, capacity 10091K, committed 10188K, reserved 1048576K
}
Event: 138.739 GC heap before
{Heap before GC invocations=56 (full 0):
 garbage-first heap   total 224256K, used 97190K [0x0000000080000000, 0x0000000100000000)
  region size 1024K, 31 young (31744K), 4 survivors (4096K)
 Metaspace       used 76010K, capacity 77821K, committed 78156K, reserved 1116160K
  class space    used 9789K, capacity 10443K, committed 10572K, reserved 1048576K
}
Event: 138.947 GC heap after
{Heap after GC invocations=57 (full 0):
 garbage-first heap   total 224256K, used 71506K [0x0000000080000000, 0x0000000100000000)
  region size 1024K, 4 young (4096K), 4 survivors (4096K)
 Metaspace       used 76010K, capacity 77821K, committed 78156K, reserved 1116160K
  class space    used 9789K, capacity 10443K, committed 10572K, reserved 1048576K
}
Event: 147.788 GC heap before
{Heap before GC invocations=57 (full 0):
 garbage-first heap   total 224256K, used 99154K [0x0000000080000000, 0x0000000100000000)
  region size 1024K, 31 young (31744K), 4 survivors (4096K)
 Metaspace       used 78723K, capacity 80445K, committed 80588K, reserved 1118208K
  class space    used 10198K, capacity 10870K, committed 10956K, reserved 1048576K
}
Event: 148.022 GC heap after
{Heap after GC invocations=58 (full 0):
 garbage-first heap   total 224256K, used 72856K [0x0000000080000000, 0x0000000100000000)
  region size 1024K, 4 young (4096K), 4 survivors (4096K)
 Metaspace       used 78723K, capacity 80445K, committed 80588K, reserved 1118208K
  class space    used 10198K, capacity 10870K, committed 10956K, reserved 1048576K
}
Event: 154.384 GC heap before
{Heap before GC invocations=58 (full 0):
 garbage-first heap   total 224256K, used 101528K [0x0000000080000000, 0x0000000100000000)
  region size 1024K, 32 young (32768K), 4 survivors (4096K)
 Metaspace       used 81634K, capacity 83507K, committed 83660K, reserved 1122304K
  class space    used 10545K, capacity 11194K, committed 11212K, reserved 1048576K
}

Deoptimization events (20 events):
Event: 150.002 Thread 0x000002be3f327000 DEOPT PACKING pc=0x000002be271deb63 sp=0x000000fb612f9b90
Event: 150.002 Thread 0x000002be3f327000 DEOPT UNPACKING pc=0x000002be261976ce sp=0x000000fb612f9040 mode 0
Event: 150.002 Thread 0x000002be3f327000 DEOPT PACKING pc=0x000002be271deb63 sp=0x000000fb612f9b90
Event: 150.002 Thread 0x000002be3f327000 DEOPT UNPACKING pc=0x000002be261976ce sp=0x000000fb612f9040 mode 0
Event: 150.106 Thread 0x000002be3f327000 Uncommon trap: trap_request=0xffffff4d fr.pc=0x000002be2e0ed798 relative=0x00000000000005f8
Event: 150.106 Thread 0x000002be3f327000 Uncommon trap: reason=unstable_if action=reinterpret pc=0x000002be2e0ed798 method=java.util.regex.Matcher.find()Z @ 10 c2
Event: 150.107 Thread 0x000002be3f327000 DEOPT PACKING pc=0x000002be2e0ed798 sp=0x000000fb612f9dc0
Event: 150.107 Thread 0x000002be3f327000 DEOPT UNPACKING pc=0x000002be261978af sp=0x000000fb612f9d80 mode 2
Event: 150.217 Thread 0x000002be3f327000 Uncommon trap: trap_request=0xffffff4d fr.pc=0x000002be2dfa5f30 relative=0x0000000000000250
Event: 150.217 Thread 0x000002be3f327000 Uncommon trap: reason=unstable_if action=reinterpret pc=0x000002be2dfa5f30 method=java.lang.CharacterDataLatin1.digit(II)I @ 12 c2
Event: 150.217 Thread 0x000002be3f327000 DEOPT PACKING pc=0x000002be2dfa5f30 sp=0x000000fb612fa1d0
Event: 150.218 Thread 0x000002be3f327000 DEOPT UNPACKING pc=0x000002be261978af sp=0x000000fb612f9ff0 mode 2
Event: 153.505 Thread 0x000002be3f327000 Uncommon trap: trap_request=0xffffffc6 fr.pc=0x000002be2e0af7f4 relative=0x0000000000000594
Event: 153.506 Thread 0x000002be3f327000 Uncommon trap: reason=bimorphic_or_optimized_type_check action=maybe_recompile pc=0x000002be2e0af7f4 method=org.codehaus.groovy.util.SingleKeyHashMap.get(Ljava/lang/Object;)Ljava/lang/Object; @ 1 c2
Event: 153.506 Thread 0x000002be3f327000 DEOPT PACKING pc=0x000002be2e0af7f4 sp=0x000000fb612f9270
Event: 153.507 Thread 0x000002be3f327000 DEOPT UNPACKING pc=0x000002be261978af sp=0x000000fb612f9210 mode 2
Event: 154.083 Thread 0x000002be3f327000 Uncommon trap: trap_request=0xffffff7e fr.pc=0x000002be2e189af0 relative=0x00000000000003b0
Event: 154.084 Thread 0x000002be3f327000 Uncommon trap: reason=predicate action=maybe_recompile pc=0x000002be2e189af0 method=java.util.AbstractCollection.toArray([Ljava/lang/Object;)[Ljava/lang/Object; @ 43 c2
Event: 154.084 Thread 0x000002be3f327000 DEOPT PACKING pc=0x000002be2e189af0 sp=0x000000fb612fab50
Event: 154.085 Thread 0x000002be3f327000 DEOPT UNPACKING pc=0x000002be261978af sp=0x000000fb612faae8 mode 2

Classes redefined (0 events):
No events

Internal exceptions (20 events):
Event: 153.234 Thread 0x000002be3f327000 Exception <a 'java/lang/ClassNotFoundException'{0x000000008c7be580}: com/android/build/gradle/tasks/MergeResources_DecoratedBeanInfo> (0x000000008c7be580) thrown at [./src/hotspot/share/classfile/systemDictionary.cpp, line 231]
Event: 153.240 Thread 0x000002be3f327000 Exception <a 'java/lang/ClassNotFoundException'{0x000000008c7d8910}: com/android/build/gradle/tasks/MergeResourcesBeanInfo> (0x000000008c7d8910) thrown at [./src/hotspot/share/classfile/systemDictionary.cpp, line 231]
Event: 153.247 Thread 0x000002be3f327000 Exception <a 'java/lang/ClassNotFoundException'{0x000000008c7f5b90}: com/android/build/gradle/internal/tasks/NewIncrementalTaskBeanInfo> (0x000000008c7f5b90) thrown at [./src/hotspot/share/classfile/systemDictionary.cpp, line 231]
Event: 153.251 Thread 0x000002be3f327000 Exception <a 'java/lang/ClassNotFoundException'{0x000000008c613810}: com/android/build/gradle/internal/tasks/AndroidVariantTaskBeanInfo> (0x000000008c613810) thrown at [./src/hotspot/share/classfile/systemDictionary.cpp, line 231]
Event: 153.254 Thread 0x000002be3f327000 Exception <a 'java/lang/ClassNotFoundException'{0x000000008c62f220}: com/android/build/gradle/internal/tasks/BaseTaskBeanInfo> (0x000000008c62f220) thrown at [./src/hotspot/share/classfile/systemDictionary.cpp, line 231]
Event: 153.260 Thread 0x000002be3f327000 Exception <a 'java/lang/ClassNotFoundException'{0x000000008c64b780}: com/android/build/gradle/internal/tasks/BaseTaskCustomizer> (0x000000008c64b780) thrown at [./src/hotspot/share/classfile/systemDictionary.cpp, line 231]
Event: 153.290 Thread 0x000002be3f327000 Exception <a 'java/lang/ClassNotFoundException'{0x000000008c6797d8}: com/android/build/gradle/internal/tasks/AndroidVariantTaskCustomizer> (0x000000008c6797d8) thrown at [./src/hotspot/share/classfile/systemDictionary.cpp, line 231]
Event: 153.298 Thread 0x000002be3f327000 Exception <a 'java/lang/ClassNotFoundException'{0x000000008c6a4da8}: com/android/build/gradle/internal/tasks/NewIncrementalTaskCustomizer> (0x000000008c6a4da8) thrown at [./src/hotspot/share/classfile/systemDictionary.cpp, line 231]
Event: 153.304 Thread 0x000002be3f327000 Exception <a 'java/lang/ClassNotFoundException'{0x000000008c6ccef0}: com/android/build/gradle/tasks/MergeResourcesCustomizer> (0x000000008c6ccef0) thrown at [./src/hotspot/share/classfile/systemDictionary.cpp, line 231]
Event: 153.313 Thread 0x000002be3f327000 Exception <a 'java/lang/ClassNotFoundException'{0x000000008c524f60}: com/android/build/gradle/tasks/MergeResources_DecoratedCustomizer> (0x000000008c524f60) thrown at [./src/hotspot/share/classfile/systemDictionary.cpp, line 231]
Event: 153.411 Thread 0x000002be3f327000 Exception <a 'java/lang/ClassNotFoundException'{0x000000008c4abad0}: com/google/gms/googleservices/GoogleServicesTask_DecoratedBeanInfo> (0x000000008c4abad0) thrown at [./src/hotspot/share/classfile/systemDictionary.cpp, line 231]
Event: 153.416 Thread 0x000002be3f327000 Exception <a 'java/lang/ClassNotFoundException'{0x000000008c4c6148}: com/google/gms/googleservices/GoogleServicesTaskBeanInfo> (0x000000008c4c6148) thrown at [./src/hotspot/share/classfile/systemDictionary.cpp, line 231]
Event: 153.419 Thread 0x000002be3f327000 Exception <a 'java/lang/ClassNotFoundException'{0x000000008c4e1070}: com/google/gms/googleservices/GoogleServicesTaskCustomizer> (0x000000008c4e1070) thrown at [./src/hotspot/share/classfile/systemDictionary.cpp, line 231]
Event: 153.427 Thread 0x000002be3f327000 Exception <a 'java/lang/ClassNotFoundException'{0x000000008c312038}: com/google/gms/googleservices/GoogleServicesTask_DecoratedCustomizer> (0x000000008c312038) thrown at [./src/hotspot/share/classfile/systemDictionary.cpp, line 231]
Event: 153.604 Thread 0x000002be3f327000 Exception <a 'java/lang/ClassNotFoundException'{0x000000008c2ad4a8}: com/android/build/gradle/internal/api/ImmutableFlavorListBeanInfo> (0x000000008c2ad4a8) thrown at [./src/hotspot/share/classfile/systemDictionary.cpp, line 231]
Event: 153.612 Thread 0x000002be3f327000 Exception <a 'java/lang/ClassNotFoundException'{0x000000008c2ca238}: com/android/build/gradle/internal/api/ImmutableFlavorListCustomizer> (0x000000008c2ca238) thrown at [./src/hotspot/share/classfile/systemDictionary.cpp, line 231]
Event: 153.693 Thread 0x000002be3f327000 Exception <a 'java/lang/ClassNotFoundException'{0x000000008c1b0cf0}: org/gradle/api/internal/file/collections/DefaultConfigurableFileCollectionBeanInfo> (0x000000008c1b0cf0) thrown at [./src/hotspot/share/classfile/systemDictionary.cpp, line 231]
Event: 153.696 Thread 0x000002be3f327000 Exception <a 'java/lang/ClassNotFoundException'{0x000000008c1ca488}: org/gradle/api/internal/file/CompositeFileCollectionBeanInfo> (0x000000008c1ca488) thrown at [./src/hotspot/share/classfile/systemDictionary.cpp, line 231]
Event: 153.698 Thread 0x000002be3f327000 Exception <a 'java/lang/ClassNotFoundException'{0x000000008c1e3e20}: org/gradle/api/internal/file/CompositeFileCollectionCustomizer> (0x000000008c1e3e20) thrown at [./src/hotspot/share/classfile/systemDictionary.cpp, line 231]
Event: 153.704 Thread 0x000002be3f327000 Exception <a 'java/lang/ClassNotFoundException'{0x000000008c0099c0}: org/gradle/api/internal/file/collections/DefaultConfigurableFileCollectionCustomizer> (0x000000008c0099c0) thrown at [./src/hotspot/share/classfile/systemDictionary.cpp, line 231]

Events (20 events):
Event: 153.993 loading class com/android/build/gradle/internal/BuildToolsExecutableInput$sdkLoader$1 done
Event: 154.002 loading class com/android/build/gradle/internal/BuildToolsExecutableInput$aidlFrameworkProvider$1
Event: 154.002 loading class com/android/build/gradle/internal/BuildToolsExecutableInput$aidlFrameworkProvider$1 done
Event: 154.154 loading class org/jetbrains/kotlin/gradle/plugin/android/AndroidGradleWrapper
Event: 154.154 loading class org/jetbrains/kotlin/gradle/plugin/android/AndroidGradleWrapper done
Event: 154.165 loading class org/jetbrains/kotlin/gradle/plugin/android/AndroidGradleWrapperKt
Event: 154.165 loading class org/jetbrains/kotlin/gradle/plugin/android/AndroidGradleWrapperKt done
Event: 154.263 loading class com/google/common/base/Objects
Event: 154.263 loading class com/google/common/base/Objects done
Event: 154.279 loading class com/google/common/base/ExtraObjectsMethodsForWeb
Event: 154.279 loading class com/google/common/base/ExtraObjectsMethodsForWeb done
Event: 154.320 loading class com/android/build/gradle/internal/AndroidJarInput$sdkLoader$1
Event: 154.320 loading class com/android/build/gradle/internal/AndroidJarInput$sdkLoader$1 done
Event: 154.323 loading class com/android/build/gradle/internal/AndroidJarInput$getAndroidJar$1
Event: 154.323 loading class com/android/build/gradle/internal/AndroidJarInput$getAndroidJar$1 done
Event: 154.353 loading class com/android/manifmerger/MergingReport
Event: 154.353 loading class com/android/manifmerger/MergingReport done
Event: 154.377 loading class com/android/build/gradle/tasks/ManifestProcessorTask$Companion
Event: 154.377 loading class com/android/build/gradle/tasks/ManifestProcessorTask$Companion done
Event: 154.382 Executing VM operation: G1CollectForAllocation


Dynamic libraries:
0x00007ff6d28e0000 - 0x00007ff6d28ea000 	C:\Program Files\Android\Android Studio\jre\bin\java.exe
0x00007ff924a00000 - 0x00007ff924c09000 	C:\WINDOWS\SYSTEM32\ntdll.dll
0x00007ff923420000 - 0x00007ff9234dd000 	C:\WINDOWS\System32\KERNEL32.DLL
0x00007ff922330000 - 0x00007ff9226a4000 	C:\WINDOWS\System32\KERNELBASE.dll
0x00007ff922780000 - 0x00007ff922891000 	C:\WINDOWS\System32\ucrtbase.dll
0x00007ff91e430000 - 0x00007ff91e449000 	C:\Program Files\Android\Android Studio\jre\bin\jli.dll
0x00007ff91c4b0000 - 0x00007ff91c4c7000 	C:\Program Files\Android\Android Studio\jre\bin\VCRUNTIME140.dll
0x00007ff9228a0000 - 0x00007ff922a4c000 	C:\WINDOWS\System32\USER32.dll
0x00007ff9036f0000 - 0x00007ff903995000 	C:\WINDOWS\WinSxS\amd64_microsoft.windows.common-controls_6595b64144ccf1df_6.0.22000.120_none_9d947278b86cc467\COMCTL32.dll
0x00007ff922750000 - 0x00007ff922776000 	C:\WINDOWS\System32\win32u.dll
0x00007ff923130000 - 0x00007ff923159000 	C:\WINDOWS\System32\GDI32.dll
0x00007ff921f60000 - 0x00007ff922072000 	C:\WINDOWS\System32\gdi32full.dll
0x00007ff9226b0000 - 0x00007ff92274d000 	C:\WINDOWS\System32\msvcp_win.dll
0x00007ff9235c0000 - 0x00007ff923663000 	C:\WINDOWS\System32\msvcrt.dll
0x00007ff924980000 - 0x00007ff9249b1000 	C:\WINDOWS\System32\IMM32.DLL
0x00007ff8f7520000 - 0x00007ff8f75bd000 	C:\Program Files\Android\Android Studio\jre\bin\msvcp140.dll
0x00007ff8d3ee0000 - 0x00007ff8d49af000 	C:\Program Files\Android\Android Studio\jre\bin\server\jvm.dll
0x00007ff922ba0000 - 0x00007ff922c4e000 	C:\WINDOWS\System32\ADVAPI32.dll
0x00007ff924240000 - 0x00007ff9242de000 	C:\WINDOWS\System32\sechost.dll
0x00007ff924770000 - 0x00007ff924890000 	C:\WINDOWS\System32\RPCRT4.dll
0x00007ff9234e0000 - 0x00007ff9234e8000 	C:\WINDOWS\System32\PSAPI.DLL
0x00007ff91b780000 - 0x00007ff91b7b3000 	C:\WINDOWS\SYSTEM32\WINMM.dll
0x00007ff901dc0000 - 0x00007ff901dc9000 	C:\WINDOWS\SYSTEM32\WSOCK32.dll
0x00007ff919af0000 - 0x00007ff919afa000 	C:\WINDOWS\SYSTEM32\VERSION.dll
0x00007ff922b30000 - 0x00007ff922b9f000 	C:\WINDOWS\System32\WS2_32.dll
0x00007ff920ff0000 - 0x00007ff921008000 	C:\WINDOWS\SYSTEM32\kernel.appcore.dll
0x00007ff8ffbc0000 - 0x00007ff8ffbd1000 	C:\Program Files\Android\Android Studio\jre\bin\verify.dll
0x00007ff90ffb0000 - 0x00007ff9101d1000 	C:\WINDOWS\SYSTEM32\DBGHELP.DLL
0x00007ff905ae0000 - 0x00007ff905b11000 	C:\WINDOWS\SYSTEM32\dbgcore.DLL
0x00007ff922080000 - 0x00007ff9220ff000 	C:\WINDOWS\System32\bcryptPrimitives.dll
0x00007ff8ff6f0000 - 0x00007ff8ff719000 	C:\Program Files\Android\Android Studio\jre\bin\java.dll
0x00007ff9013b0000 - 0x00007ff9013bb000 	C:\Program Files\Android\Android Studio\jre\bin\jimage.dll
0x00007ff8fde90000 - 0x00007ff8fdea8000 	C:\Program Files\Android\Android Studio\jre\bin\zip.dll
0x00007ff923670000 - 0x00007ff923e1e000 	C:\WINDOWS\System32\SHELL32.dll
0x00007ff920060000 - 0x00007ff9208c8000 	C:\WINDOWS\SYSTEM32\windows.storage.dll
0x00007ff922c50000 - 0x00007ff922fc8000 	C:\WINDOWS\System32\combase.dll
0x00007ff91fef0000 - 0x00007ff920056000 	C:\WINDOWS\SYSTEM32\wintypes.dll
0x00007ff923fe0000 - 0x00007ff9240ca000 	C:\WINDOWS\System32\SHCORE.dll
0x00007ff924130000 - 0x00007ff92418d000 	C:\WINDOWS\System32\shlwapi.dll
0x00007ff921e20000 - 0x00007ff921e41000 	C:\WINDOWS\SYSTEM32\profapi.dll
0x00007ff8fde70000 - 0x00007ff8fde8a000 	C:\Program Files\Android\Android Studio\jre\bin\net.dll
0x00007ff91ac10000 - 0x00007ff91ad1c000 	C:\WINDOWS\SYSTEM32\WINHTTP.dll
0x00007ff921420000 - 0x00007ff921487000 	C:\WINDOWS\system32\mswsock.dll
0x00007ff8d3ad0000 - 0x00007ff8d3ae4000 	C:\Program Files\Android\Android Studio\jre\bin\nio.dll
0x00007ff8bddc0000 - 0x00007ff8bdde7000 	C:\Users\sanja\.gradle\native\8bec1ad78214c89d9ad589b4d07fe93259594b29d510b10fafb7a158f7737e5d\windows-amd64\native-platform.dll
0x00007ff8bdae0000 - 0x00007ff8bdc1d000 	C:\Users\sanja\.gradle\native\53dbd7edfb1c66fb8903c78663c9afc45aea4f116125fa6feffd364cf09443e8\windows-amd64\native-platform-file-events.dll
0x00007ff9012a0000 - 0x00007ff9012aa000 	C:\Program Files\Android\Android Studio\jre\bin\management.dll
0x00007ff8ff6e0000 - 0x00007ff8ff6ec000 	C:\Program Files\Android\Android Studio\jre\bin\management_ext.dll
0x00007ff921670000 - 0x00007ff921688000 	C:\WINDOWS\SYSTEM32\CRYPTSP.dll
0x00007ff920f50000 - 0x00007ff920f85000 	C:\WINDOWS\system32\rsaenh.dll
0x00007ff921510000 - 0x00007ff921539000 	C:\WINDOWS\SYSTEM32\USERENV.dll
0x00007ff921850000 - 0x00007ff921877000 	C:\WINDOWS\SYSTEM32\bcrypt.dll
0x00007ff921660000 - 0x00007ff92166c000 	C:\WINDOWS\SYSTEM32\CRYPTBASE.dll
0x00007ff920b20000 - 0x00007ff920b4d000 	C:\WINDOWS\SYSTEM32\IPHLPAPI.DLL
0x00007ff9235b0000 - 0x00007ff9235b9000 	C:\WINDOWS\System32\NSI.dll
0x00007ff91aeb0000 - 0x00007ff91aec9000 	C:\WINDOWS\SYSTEM32\dhcpcsvc6.DLL
0x00007ff91aff0000 - 0x00007ff91b00e000 	C:\WINDOWS\SYSTEM32\dhcpcsvc.DLL
0x00007ff920b50000 - 0x00007ff920c37000 	C:\WINDOWS\SYSTEM32\DNSAPI.dll

dbghelp: loaded successfully - version: 4.0.5 - missing functions: none
symbol engine: initialized successfully - sym options: 0x614 - pdb path: .;C:\Program Files\Android\Android Studio\jre\bin;C:\WINDOWS\SYSTEM32;C:\WINDOWS\WinSxS\amd64_microsoft.windows.common-controls_6595b64144ccf1df_6.0.22000.120_none_9d947278b86cc467;C:\Program Files\Android\Android Studio\jre\bin\server;C:\Users\sanja\.gradle\native\8bec1ad78214c89d9ad589b4d07fe93259594b29d510b10fafb7a158f7737e5d\windows-amd64;C:\Users\sanja\.gradle\native\53dbd7edfb1c66fb8903c78663c9afc45aea4f116125fa6feffd364cf09443e8\windows-amd64

VM Arguments:
jvm_args: --add-opens=java.base/java.util=ALL-UNNAMED --add-opens=java.base/java.lang=ALL-UNNAMED --add-opens=java.base/java.lang.invoke=ALL-UNNAMED --add-opens=java.base/java.util=ALL-UNNAMED --add-opens=java.prefs/java.util.prefs=ALL-UNNAMED --add-opens=java.prefs/java.util.prefs=ALL-UNNAMED --add-opens=java.base/java.nio.charset=ALL-UNNAMED --add-opens=java.base/java.net=ALL-UNNAMED --add-opens=java.base/java.util.concurrent.atomic=ALL-UNNAMED -Xmx2048m -Dfile.encoding=UTF-8 -Duser.country=US -Duser.language=en -Duser.variant 
java_command: org.gradle.launcher.daemon.bootstrap.GradleDaemon 7.0.2
java_class_path (initial): C:\Users\sanja\.gradle\wrapper\dists\gradle-7.0.2-bin\857tjihv64xamwrf0h14cai3r\gradle-7.0.2\lib\gradle-launcher-7.0.2.jar
Launcher Type: SUN_STANDARD

[Global flags]
     intx CICompilerCount                          = 4                                         {product} {ergonomic}
     uint ConcGCThreads                            = 3                                         {product} {ergonomic}
     uint G1ConcRefinementThreads                  = 10                                        {product} {ergonomic}
   size_t G1HeapRegionSize                         = 1048576                                   {product} {ergonomic}
    uintx GCDrainStackTargetSize                   = 64                                        {product} {ergonomic}
   size_t InitialHeapSize                          = 56623104                                  {product} {ergonomic}
   size_t MarkStackSize                            = 4194304                                   {product} {ergonomic}
   size_t MaxHeapSize                              = 2147483648                                {product} {command line}
   size_t MaxNewSize                               = 1287651328                                {product} {ergonomic}
   size_t MinHeapDeltaBytes                        = 1048576                                   {product} {ergonomic}
    uintx NonNMethodCodeHeapSize                   = 5836300                                {pd product} {ergonomic}
    uintx NonProfiledCodeHeapSize                  = 122910970                              {pd product} {ergonomic}
    uintx ProfiledCodeHeapSize                     = 122910970                              {pd product} {ergonomic}
    uintx ReservedCodeCacheSize                    = 251658240                              {pd product} {ergonomic}
     bool SegmentedCodeCache                       = true                                      {product} {ergonomic}
     bool UseCompressedClassPointers               = true                                 {lp64_product} {ergonomic}
     bool UseCompressedOops                        = true                                 {lp64_product} {ergonomic}
     bool UseG1GC                                  = true                                      {product} {ergonomic}
     bool UseLargePagesIndividualAllocation        = false                                  {pd product} {ergonomic}

Logging:
Log output configuration:
 #0: stdout all=warning uptime,level,tags
 #1: stderr all=off uptime,level,tags

Environment Variables:
PATH=C:\windows\system32;C:\windows;C:\windows\System32\Wbem;C:\windows\System32\WindowsPowerShell\v1.0\;C:\windows\System32\OpenSSH\;C:\Program Files (x86)\NVIDIA Corporation\PhysX\Common;C:\Program Files\NVIDIA Corporation\NVIDIA NvDLISR;C:\WINDOWS\system32;C:\WINDOWS;C:\WINDOWS\System32\Wbem;C:\WINDOWS\System32\WindowsPowerShell\v1.0\;C:\WINDOWS\System32\OpenSSH\;C:\Program Files\Git\cmd;C:\Users\sanja\AppData\Local\Microsoft\WindowsApps;C:\Program Files\JetBrains\IntelliJ IDEA Community Edition 2021.3.1\bin;;C:\Users\sanja\AppData\Local\GitHubDesktop\bin
USERNAME=sanjarbek
OS=Windows_NT
PROCESSOR_IDENTIFIER=AMD64 Family 23 Model 96 Stepping 1, AuthenticAMD



---------------  S Y S T E M  ---------------

OS: Windows 10 , 64 bit Build 22000 (10.0.22000.434)
OS uptime: 0 days 2:38 hours

CPU:total 12 (initial active 12) (12 cores per cpu, 2 threads per core) family 23 model 96 stepping 1 microcode 0x0, cmov, cx8, fxsr, mmx, sse, sse2, sse3, ssse3, sse4.1, sse4.2, popcnt, avx, avx2, aes, clmul, mmxext, 3dnowpref, lzcnt, sse4a, ht, tsc, tscinvbit, tscinv, bmi1, bmi2, adx, 

Memory: 4k page, system-wide physical 3445M (21M free)
TotalPageFile size 14131M (AvailPageFile size 136M)
current process WorkingSet (physical memory assigned to process): 62M, peak: 205M
current process commit charge ("private bytes"): 481M, peak: 700M

vm_info: OpenJDK 64-Bit Server VM (11.0.10+0-b96-7249189) for windows-amd64 JRE (11.0.10+0-b96-7249189), built on Mar 31 2021 21:44:00 by "builder" with MS VC++ 14.0 (VS2015)

END.
